# vsim -vopt work.top -voptargs="+acc=npr" -assertdebug -l simulation.log -coverage -c -do "coverage save -onexit -assert -directive -cvg -codeAll coverage.ucdb; add wave -position insertpoint sim:/top/duv/*; run -all; coverage report -detail; exit" 
# Start time: 13:59:01 on Jul 04,2024
# ** Note: (vsim-3813) Design is being optimized due to module recompilation...
# //  Questa Sim
# //  Version 10.6c linux Jul 25 2017
# //
# //  Copyright 1991-2017 Mentor Graphics Corporation
# //  All Rights Reserved.
# //
# //  QuestaSim and its associated documentation contain trade
# //  secrets and commercial or financial information that are the property of
# //  Mentor Graphics Corporation and are privileged, confidential,
# //  and exempt from disclosure under the Freedom of Information Act,
# //  5 U.S.C. Section 552. Furthermore, this information
# //  is prohibited from disclosure under the Trade Secrets Act,
# //  18 U.S.C. Section 1905.
# //
# Loading sv_std.std
# Loading work.ram_top_sv_unit(fast)
# Loading work.top(fast)
# Loading work.ram_intf(fast)
# Loading work.RAM(fast)
# Loading work.ram_intf(fast)
# coverage save -onexit -assert -directive -cvg -codeAll coverage.ucdb
#  add wave -position insertpoint sim:/top/duv/*
#  run -all
# [0]: GENERATOR Randomized transaction data_in=39, write_enb=0, read_enb=1, address=d
# [0]: GENERATOR Randomized transaction data_in=28, write_enb=0, read_enb=1, address=1f
# [0]: GENERATOR Randomized transaction data_in=c4, write_enb=0, read_enb=1, address=0
# [0]: GENERATOR Randomized transaction data_in=43, write_enb=0, read_enb=1, address=b
# [0]: GENERATOR Randomized transaction data_in=90, write_enb=0, read_enb=1, address=1
# [0]: GENERATOR Randomized transaction data_in=c6, write_enb=0, read_enb=1, address=6
# [0]: GENERATOR Randomized transaction data_in=21, write_enb=0, read_enb=1, address=c
# [0]: GENERATOR Randomized transaction data_in=be, write_enb=0, read_enb=1, address=2
# [0]: GENERATOR Randomized transaction data_in=6, write_enb=0, read_enb=1, address=9
# [0]: GENERATOR Randomized transaction data_in=fa, write_enb=0, read_enb=1, address=15
#  
# //////////////////////////////////////// Transaction starts//////////////////////////////////
# [180]: DRIVER DRIVING DATA TO THE INTERFACE: rst=1: data_in=39, write_enb=0, read_enb=1,address=d
# [180]: INPUT FUNCTIONAL COVERAGE = 65
# [180]: MONITOR PASSING THE DATA TO SCOREBOARD: data_out=x
# [180]: OUTPUT FUNCTIONAL COVERAGE = 0
# [180]: !!!!!!!!!!!!!SCOREBOARD MON data_out=x, ADDRESS=d !!!!!!!!!!!!!!
# [220]: REFERENCE read: addr=13, data_out from mem= x
# [220]: !!!!!!!!!!!!!SCOREBOARD REF data_out=x, ADDRESS=d !!!!!!!!!!!!!!
# ***************Result***************
# [220]: SCOREBOARD REF: data_out=x addr=13, MON: data_out=x addr=13
# [220]: DATA MATCH SUCCESSFUL. MATCH count = 1
# ***************Result***************
# //////////////////////////////////////// Transaction ends//////////////////////////////////
#  
# //////////////////////////////////////// Transaction starts//////////////////////////////////
# [260]: DRIVER DRIVING DATA TO THE INTERFACE: rst=1: data_in=28, write_enb=0, read_enb=1,address=1f
# [260]: INPUT FUNCTIONAL COVERAGE = 65
# [260]: MONITOR PASSING THE DATA TO SCOREBOARD: data_out=x
# [260]: OUTPUT FUNCTIONAL COVERAGE = 0
# [260]: !!!!!!!!!!!!!SCOREBOARD MON data_out=x, ADDRESS=1f !!!!!!!!!!!!!!
# [300]: REFERENCE read: addr=31, data_out from mem= x
# [300]: !!!!!!!!!!!!!SCOREBOARD REF data_out=x, ADDRESS=1f !!!!!!!!!!!!!!
# ***************Result***************
# [300]: SCOREBOARD REF: data_out=x addr=31, MON: data_out=x addr=31
# [300]: DATA MATCH SUCCESSFUL. MATCH count = 2
# ***************Result***************
# //////////////////////////////////////// Transaction ends//////////////////////////////////
#  
# //////////////////////////////////////// Transaction starts//////////////////////////////////
# [340]: DRIVER DRIVING DATA TO THE INTERFACE: rst=1: data_in=c4, write_enb=0, read_enb=1,address=0
# [340]: INPUT FUNCTIONAL COVERAGE = 65
# [340]: MONITOR PASSING THE DATA TO SCOREBOARD: data_out=x
# [340]: OUTPUT FUNCTIONAL COVERAGE = 0
# [340]: !!!!!!!!!!!!!SCOREBOARD MON data_out=x, ADDRESS=0 !!!!!!!!!!!!!!
# [380]: REFERENCE read: addr=0, data_out from mem= x
# [380]: !!!!!!!!!!!!!SCOREBOARD REF data_out=x, ADDRESS=0 !!!!!!!!!!!!!!
# ***************Result***************
# [380]: SCOREBOARD REF: data_out=x addr=0, MON: data_out=x addr=0
# [380]: DATA MATCH SUCCESSFUL. MATCH count = 3
# ***************Result***************
# //////////////////////////////////////// Transaction ends//////////////////////////////////
#  
# //////////////////////////////////////// Transaction starts//////////////////////////////////
# [420]: DRIVER DRIVING DATA TO THE INTERFACE: rst=1: data_in=43, write_enb=0, read_enb=1,address=b
# [420]: INPUT FUNCTIONAL COVERAGE = 65
# [420]: MONITOR PASSING THE DATA TO SCOREBOARD: data_out=x
# [420]: OUTPUT FUNCTIONAL COVERAGE = 0
# [420]: !!!!!!!!!!!!!SCOREBOARD MON data_out=x, ADDRESS=b !!!!!!!!!!!!!!
# [460]: REFERENCE read: addr=11, data_out from mem= x
# [460]: !!!!!!!!!!!!!SCOREBOARD REF data_out=x, ADDRESS=b !!!!!!!!!!!!!!
# ***************Result***************
# [460]: SCOREBOARD REF: data_out=x addr=11, MON: data_out=x addr=11
# [460]: DATA MATCH SUCCESSFUL. MATCH count = 4
# ***************Result***************
# //////////////////////////////////////// Transaction ends//////////////////////////////////
#  
# //////////////////////////////////////// Transaction starts//////////////////////////////////
# [500]: DRIVER DRIVING DATA TO THE INTERFACE: rst=1: data_in=90, write_enb=0, read_enb=1,address=1
# [500]: INPUT FUNCTIONAL COVERAGE = 65
# [500]: MONITOR PASSING THE DATA TO SCOREBOARD: data_out=x
# [500]: OUTPUT FUNCTIONAL COVERAGE = 0
# [500]: !!!!!!!!!!!!!SCOREBOARD MON data_out=x, ADDRESS=1 !!!!!!!!!!!!!!
# [540]: REFERENCE read: addr=1, data_out from mem= x
# [540]: !!!!!!!!!!!!!SCOREBOARD REF data_out=x, ADDRESS=1 !!!!!!!!!!!!!!
# ***************Result***************
# [540]: SCOREBOARD REF: data_out=x addr=1, MON: data_out=x addr=1
# [540]: DATA MATCH SUCCESSFUL. MATCH count = 5
# ***************Result***************
# //////////////////////////////////////// Transaction ends//////////////////////////////////
#  
# //////////////////////////////////////// Transaction starts//////////////////////////////////
# [580]: DRIVER DRIVING DATA TO THE INTERFACE: rst=1: data_in=c6, write_enb=0, read_enb=1,address=6
# [580]: INPUT FUNCTIONAL COVERAGE = 65
# [580]: MONITOR PASSING THE DATA TO SCOREBOARD: data_out=x
# [580]: OUTPUT FUNCTIONAL COVERAGE = 0
# [580]: !!!!!!!!!!!!!SCOREBOARD MON data_out=x, ADDRESS=6 !!!!!!!!!!!!!!
# [620]: REFERENCE read: addr=6, data_out from mem= x
# [620]: !!!!!!!!!!!!!SCOREBOARD REF data_out=x, ADDRESS=6 !!!!!!!!!!!!!!
# ***************Result***************
# [620]: SCOREBOARD REF: data_out=x addr=6, MON: data_out=x addr=6
# [620]: DATA MATCH SUCCESSFUL. MATCH count = 6
# ***************Result***************
# //////////////////////////////////////// Transaction ends//////////////////////////////////
#  
# //////////////////////////////////////// Transaction starts//////////////////////////////////
# [660]: DRIVER DRIVING DATA TO THE INTERFACE: rst=1: data_in=21, write_enb=0, read_enb=1,address=c
# [660]: INPUT FUNCTIONAL COVERAGE = 65
# [660]: MONITOR PASSING THE DATA TO SCOREBOARD: data_out=x
# [660]: OUTPUT FUNCTIONAL COVERAGE = 0
# [660]: !!!!!!!!!!!!!SCOREBOARD MON data_out=x, ADDRESS=c !!!!!!!!!!!!!!
# [700]: REFERENCE read: addr=12, data_out from mem= x
# [700]: !!!!!!!!!!!!!SCOREBOARD REF data_out=x, ADDRESS=c !!!!!!!!!!!!!!
# ***************Result***************
# [700]: SCOREBOARD REF: data_out=x addr=12, MON: data_out=x addr=12
# [700]: DATA MATCH SUCCESSFUL. MATCH count = 7
# ***************Result***************
# //////////////////////////////////////// Transaction ends//////////////////////////////////
#  
# //////////////////////////////////////// Transaction starts//////////////////////////////////
# [740]: DRIVER DRIVING DATA TO THE INTERFACE: rst=1: data_in=be, write_enb=0, read_enb=1,address=2
# [740]: INPUT FUNCTIONAL COVERAGE = 65
# [740]: MONITOR PASSING THE DATA TO SCOREBOARD: data_out=x
# [740]: OUTPUT FUNCTIONAL COVERAGE = 0
# [740]: !!!!!!!!!!!!!SCOREBOARD MON data_out=x, ADDRESS=2 !!!!!!!!!!!!!!
# [780]: REFERENCE read: addr=2, data_out from mem= x
# [780]: !!!!!!!!!!!!!SCOREBOARD REF data_out=x, ADDRESS=2 !!!!!!!!!!!!!!
# ***************Result***************
# [780]: SCOREBOARD REF: data_out=x addr=2, MON: data_out=x addr=2
# [780]: DATA MATCH SUCCESSFUL. MATCH count = 8
# ***************Result***************
# //////////////////////////////////////// Transaction ends//////////////////////////////////
#  
# //////////////////////////////////////// Transaction starts//////////////////////////////////
# [820]: DRIVER DRIVING DATA TO THE INTERFACE: rst=1: data_in=6, write_enb=0, read_enb=1,address=9
# [820]: INPUT FUNCTIONAL COVERAGE = 65
# [820]: MONITOR PASSING THE DATA TO SCOREBOARD: data_out=x
# [820]: OUTPUT FUNCTIONAL COVERAGE = 0
# [820]: !!!!!!!!!!!!!SCOREBOARD MON data_out=x, ADDRESS=9 !!!!!!!!!!!!!!
# [860]: REFERENCE read: addr=9, data_out from mem= x
# [860]: !!!!!!!!!!!!!SCOREBOARD REF data_out=x, ADDRESS=9 !!!!!!!!!!!!!!
# ***************Result***************
# [860]: SCOREBOARD REF: data_out=x addr=9, MON: data_out=x addr=9
# [860]: DATA MATCH SUCCESSFUL. MATCH count = 9
# ***************Result***************
# //////////////////////////////////////// Transaction ends//////////////////////////////////
#  
# //////////////////////////////////////// Transaction starts//////////////////////////////////
# [900]: DRIVER DRIVING DATA TO THE INTERFACE: rst=1: data_in=fa, write_enb=0, read_enb=1,address=15
# [900]: INPUT FUNCTIONAL COVERAGE = 65
# [900]: MONITOR PASSING THE DATA TO SCOREBOARD: data_out=x
# [900]: OUTPUT FUNCTIONAL COVERAGE = 0
# [900]: !!!!!!!!!!!!!SCOREBOARD MON data_out=x, ADDRESS=15 !!!!!!!!!!!!!!
# [940]: REFERENCE read: addr=21, data_out from mem= x
# [940]: !!!!!!!!!!!!!SCOREBOARD REF data_out=x, ADDRESS=15 !!!!!!!!!!!!!!
# ***************Result***************
# [940]: SCOREBOARD REF: data_out=x addr=21, MON: data_out=x addr=21
# [940]: DATA MATCH SUCCESSFUL. MATCH count = 10
# ***************Result***************
# //////////////////////////////////////// Transaction ends//////////////////////////////////
# ** Note: $finish    : ram_top.sv(64)
#    Time: 940 ns  Iteration: 3  Instance: /top
# Saving coverage database on exit...
# End time: 13:59:02 on Jul 04,2024, Elapsed time: 0:00:01
# Errors: 0, Warnings: 0
